*** The MPI_Comm_rank() function was called before MPI_INIT was invoked.
*** This is disallowed by the MPI standard.
*** Your MPI job will now abort.
[c0465:299331] Local abort before MPI_INIT completed completed successfully, but am not able to aggregate error messages, and not able to guarantee that all other processes were killed!
*** The MPI_Comm_rank() function was called before MPI_INIT was invoked.
*** This is disallowed by the MPI standard.
*** Your MPI job will now abort.
[c0465:299332] Local abort before MPI_INIT completed completed successfully, but am not able to aggregate error messages, and not able to guarantee that all other processes were killed!
*** The MPI_Comm_rank() function was called before MPI_INIT was invoked.
*** This is disallowed by the MPI standard.
*** Your MPI job will now abort.
[c0465:299333] Local abort before MPI_INIT completed completed successfully, but am not able to aggregate error messages, and not able to guarantee that all other processes were killed!
*** The MPI_Comm_rank() function was called before MPI_INIT was invoked.
*** This is disallowed by the MPI standard.
*** Your MPI job will now abort.
[c0465:299334] Local abort before MPI_INIT completed completed successfully, but am not able to aggregate error messages, and not able to guarantee that all other processes were killed!
*** The MPI_Comm_rank() function was called before MPI_INIT was invoked.
*** This is disallowed by the MPI standard.
*** Your MPI job will now abort.
[c0465:299335] Local abort before MPI_INIT completed completed successfully, but am not able to aggregate error messages, and not able to guarantee that all other processes were killed!
*** The MPI_Comm_rank() function was called before MPI_INIT was invoked.
*** This is disallowed by the MPI standard.
*** Your MPI job will now abort.
[c0465:299336] Local abort before MPI_INIT completed completed successfully, but am not able to aggregate error messages, and not able to guarantee that all other processes were killed!
*** The MPI_Comm_rank() function was called before MPI_INIT was invoked.
*** This is disallowed by the MPI standard.
*** Your MPI job will now abort.
[c0465:299337] Local abort before MPI_INIT completed completed successfully, but am not able to aggregate error messages, and not able to guarantee that all other processes were killed!
*** The MPI_Comm_rank() function was called before MPI_INIT was invoked.
*** This is disallowed by the MPI standard.
*** Your MPI job will now abort.
[c0465:299338] Local abort before MPI_INIT completed completed successfully, but am not able to aggregate error messages, and not able to guarantee that all other processes were killed!
*** The MPI_Comm_rank() function was called before MPI_INIT was invoked.
*** This is disallowed by the MPI standard.
*** Your MPI job will now abort.
[c0465:299339] Local abort before MPI_INIT completed completed successfully, but am not able to aggregate error messages, and not able to guarantee that all other processes were killed!
*** The MPI_Comm_rank() function was called before MPI_INIT was invoked.
*** This is disallowed by the MPI standard.
*** Your MPI job will now abort.
[c0465:299340] Local abort before MPI_INIT completed completed successfully, but am not able to aggregate error messages, and not able to guarantee that all other processes were killed!
*** The MPI_Comm_rank() function was called before MPI_INIT was invoked.
*** This is disallowed by the MPI standard.
*** Your MPI job will now abort.
[c0465:299341] Local abort before MPI_INIT completed completed successfully, but am not able to aggregate error messages, and not able to guarantee that all other processes were killed!
*** The MPI_Comm_rank() function was called before MPI_INIT was invoked.
*** This is disallowed by the MPI standard.
*** Your MPI job will now abort.
[c0465:299342] Local abort before MPI_INIT completed completed successfully, but am not able to aggregate error messages, and not able to guarantee that all other processes were killed!
*** The MPI_Comm_rank() function was called before MPI_INIT was invoked.
*** This is disallowed by the MPI standard.
*** Your MPI job will now abort.
[c0465:299343] Local abort before MPI_INIT completed completed successfully, but am not able to aggregate error messages, and not able to guarantee that all other processes were killed!
*** The MPI_Comm_rank() function was called before MPI_INIT was invoked.
*** This is disallowed by the MPI standard.
*** Your MPI job will now abort.
[c0465:299344] Local abort before MPI_INIT completed completed successfully, but am not able to aggregate error messages, and not able to guarantee that all other processes were killed!
*** The MPI_Comm_rank() function was called before MPI_INIT was invoked.
*** This is disallowed by the MPI standard.
*** Your MPI job will now abort.
[c0466:301893] Local abort before MPI_INIT completed completed successfully, but am not able to aggregate error messages, and not able to guarantee that all other processes were killed!
*** The MPI_Comm_rank() function was called before MPI_INIT was invoked.
*** This is disallowed by the MPI standard.
*** Your MPI job will now abort.
[c0466:301894] Local abort before MPI_INIT completed completed successfully, but am not able to aggregate error messages, and not able to guarantee that all other processes were killed!
*** The MPI_Comm_rank() function was called before MPI_INIT was invoked.
*** This is disallowed by the MPI standard.
*** Your MPI job will now abort.
[c0466:301895] Local abort before MPI_INIT completed completed successfully, but am not able to aggregate error messages, and not able to guarantee that all other processes were killed!
*** The MPI_Comm_rank() function was called before MPI_INIT was invoked.
*** This is disallowed by the MPI standard.
*** Your MPI job will now abort.
[c0466:301896] Local abort before MPI_INIT completed completed successfully, but am not able to aggregate error messages, and not able to guarantee that all other processes were killed!
*** The MPI_Comm_rank() function was called before MPI_INIT was invoked.
*** This is disallowed by the MPI standard.
*** Your MPI job will now abort.
[c0466:301897] Local abort before MPI_INIT completed completed successfully, but am not able to aggregate error messages, and not able to guarantee that all other processes were killed!
*** The MPI_Comm_rank() function was called before MPI_INIT was invoked.
*** This is disallowed by the MPI standard.
*** Your MPI job will now abort.
[c0466:301898] Local abort before MPI_INIT completed completed successfully, but am not able to aggregate error messages, and not able to guarantee that all other processes were killed!
*** The MPI_Comm_rank() function was called before MPI_INIT was invoked.
*** This is disallowed by the MPI standard.
*** Your MPI job will now abort.
[c0466:301899] Local abort before MPI_INIT completed completed successfully, but am not able to aggregate error messages, and not able to guarantee that all other processes were killed!
*** The MPI_Comm_rank() function was called before MPI_INIT was invoked.
*** This is disallowed by the MPI standard.
*** Your MPI job will now abort.
[c0466:301900] Local abort before MPI_INIT completed completed successfully, but am not able to aggregate error messages, and not able to guarantee that all other processes were killed!
*** The MPI_Comm_rank() function was called before MPI_INIT was invoked.
*** This is disallowed by the MPI standard.
*** Your MPI job will now abort.
[c0466:301901] Local abort before MPI_INIT completed completed successfully, but am not able to aggregate error messages, and not able to guarantee that all other processes were killed!
*** The MPI_Comm_rank() function was called before MPI_INIT was invoked.
*** This is disallowed by the MPI standard.
*** Your MPI job will now abort.
[c0466:301902] Local abort before MPI_INIT completed completed successfully, but am not able to aggregate error messages, and not able to guarantee that all other processes were killed!
*** The MPI_Comm_rank() function was called before MPI_INIT was invoked.
*** This is disallowed by the MPI standard.
*** Your MPI job will now abort.
[c0466:301903] Local abort before MPI_INIT completed completed successfully, but am not able to aggregate error messages, and not able to guarantee that all other processes were killed!
*** The MPI_Comm_rank() function was called before MPI_INIT was invoked.
*** This is disallowed by the MPI standard.
*** Your MPI job will now abort.
[c0466:301904] Local abort before MPI_INIT completed completed successfully, but am not able to aggregate error messages, and not able to guarantee that all other processes were killed!
*** The MPI_Comm_rank() function was called before MPI_INIT was invoked.
*** This is disallowed by the MPI standard.
*** Your MPI job will now abort.
[c0466:301905] Local abort before MPI_INIT completed completed successfully, but am not able to aggregate error messages, and not able to guarantee that all other processes were killed!
--------------------------------------------------------------------------
Primary job  terminated normally, but 1 process returned
a non-zero exit code. Per user-direction, the job has been aborted.
--------------------------------------------------------------------------
*** The MPI_Comm_rank() function was called before MPI_INIT was invoked.
*** This is disallowed by the MPI standard.
*** Your MPI job will now abort.
[c0465:299346] Local abort before MPI_INIT completed completed successfully, but am not able to aggregate error messages, and not able to guarantee that all other processes were killed!
*** The MPI_Comm_rank() function was called before MPI_INIT was invoked.
*** This is disallowed by the MPI standard.
*** Your MPI job will now abort.
[c0465:299345] Local abort before MPI_INIT completed completed successfully, but am not able to aggregate error messages, and not able to guarantee that all other processes were killed!
*** The MPI_Comm_rank() function was called before MPI_INIT was invoked.
*** This is disallowed by the MPI standard.
*** Your MPI job will now abort.
[c0467:298219] Local abort before MPI_INIT completed completed successfully, but am not able to aggregate error messages, and not able to guarantee that all other processes were killed!
*** The MPI_Comm_rank() function was called before MPI_INIT was invoked.
*** This is disallowed by the MPI standard.
*** Your MPI job will now abort.
[c0468:305836] Local abort before MPI_INIT completed completed successfully, but am not able to aggregate error messages, and not able to guarantee that all other processes were killed!
*** The MPI_Comm_rank() function was called before MPI_INIT was invoked.
*** This is disallowed by the MPI standard.
*** Your MPI job will now abort.
[c0467:298220] Local abort before MPI_INIT completed completed successfully, but am not able to aggregate error messages, and not able to guarantee that all other processes were killed!
*** The MPI_Comm_rank() function was called before MPI_INIT was invoked.
*** This is disallowed by the MPI standard.
*** Your MPI job will now abort.
*** The MPI_Comm_rank() function was called before MPI_INIT was invoked.
*** This is disallowed by the MPI standard.
*** Your MPI job will now abort.
[c0468:305837] Local abort before MPI_INIT completed completed successfully, but am not able to aggregate error messages, and not able to guarantee that all other processes were killed!
*** The MPI_Comm_rank() function was called before MPI_INIT was invoked.
*** This is disallowed by the MPI standard.
*** Your MPI job will now abort.
[c0467:298221] Local abort before MPI_INIT completed completed successfully, but am not able to aggregate error messages, and not able to guarantee that all other processes were killed!
[c0466:301906] Local abort before MPI_INIT completed completed successfully, but am not able to aggregate error messages, and not able to guarantee that all other processes were killed!
*** The MPI_Comm_rank() function was called before MPI_INIT was invoked.
*** This is disallowed by the MPI standard.
*** Your MPI job will now abort.
[c0468:305838] Local abort before MPI_INIT completed completed successfully, but am not able to aggregate error messages, and not able to guarantee that all other processes were killed!
*** The MPI_Comm_rank() function was called before MPI_INIT was invoked.
*** This is disallowed by the MPI standard.
*** Your MPI job will now abort.
[c0467:298222] Local abort before MPI_INIT completed completed successfully, but am not able to aggregate error messages, and not able to guarantee that all other processes were killed!
*** The MPI_Comm_rank() function was called before MPI_INIT was invoked.
*** This is disallowed by the MPI standard.
*** Your MPI job will now abort.
[c0466:301907] Local abort before MPI_INIT completed completed successfully, but am not able to aggregate error messages, and not able to guarantee that all other processes were killed!
*** The MPI_Comm_rank() function was called before MPI_INIT was invoked.
*** This is disallowed by the MPI standard.
*** Your MPI job will now abort.
[c0468:305839] Local abort before MPI_INIT completed completed successfully, but am not able to aggregate error messages, and not able to guarantee that all other processes were killed!
*** The MPI_Comm_rank() function was called before MPI_INIT was invoked.
*** This is disallowed by the MPI standard.
*** Your MPI job will now abort.
[c0467:298223] Local abort before MPI_INIT completed completed successfully, but am not able to aggregate error messages, and not able to guarantee that all other processes were killed!
*** The MPI_Comm_rank() function was called before MPI_INIT was invoked.
*** This is disallowed by the MPI standard.
*** Your MPI job will now abort.
*** The MPI_Comm_rank() function was called before MPI_INIT was invoked.
*** This is disallowed by the MPI standard.
*** Your MPI job will now abort.
[c0468:305840] Local abort before MPI_INIT completed completed successfully, but am not able to aggregate error messages, and not able to guarantee that all other processes were killed!
*** The MPI_Comm_rank() function was called before MPI_INIT was invoked.
*** This is disallowed by the MPI standard.
*** Your MPI job will now abort.
[c0467:298224] Local abort before MPI_INIT completed completed successfully, but am not able to aggregate error messages, and not able to guarantee that all other processes were killed!
[c0466:301908] Local abort before MPI_INIT completed completed successfully, but am not able to aggregate error messages, and not able to guarantee that all other processes were killed!
*** The MPI_Comm_rank() function was called before MPI_INIT was invoked.
*** This is disallowed by the MPI standard.
*** Your MPI job will now abort.
[c0468:305841] Local abort before MPI_INIT completed completed successfully, but am not able to aggregate error messages, and not able to guarantee that all other processes were killed!
*** The MPI_Comm_rank() function was called before MPI_INIT was invoked.
*** This is disallowed by the MPI standard.
*** Your MPI job will now abort.
[c0467:298225] Local abort before MPI_INIT completed completed successfully, but am not able to aggregate error messages, and not able to guarantee that all other processes were killed!
*** The MPI_Comm_rank() function was called before MPI_INIT was invoked.
*** This is disallowed by the MPI standard.
*** Your MPI job will now abort.
[c0468:305842] Local abort before MPI_INIT completed completed successfully, but am not able to aggregate error messages, and not able to guarantee that all other processes were killed!
*** The MPI_Comm_rank() function was called before MPI_INIT was invoked.
*** This is disallowed by the MPI standard.
*** Your MPI job will now abort.
[c0467:298226] Local abort before MPI_INIT completed completed successfully, but am not able to aggregate error messages, and not able to guarantee that all other processes were killed!
*** The MPI_Comm_rank() function was called before MPI_INIT was invoked.
*** This is disallowed by the MPI standard.
*** Your MPI job will now abort.
[c0468:305843] Local abort before MPI_INIT completed completed successfully, but am not able to aggregate error messages, and not able to guarantee that all other processes were killed!
*** The MPI_Comm_rank() function was called before MPI_INIT was invoked.
*** This is disallowed by the MPI standard.
*** Your MPI job will now abort.
[c0467:298227] Local abort before MPI_INIT completed completed successfully, but am not able to aggregate error messages, and not able to guarantee that all other processes were killed!
*** The MPI_Comm_rank() function was called before MPI_INIT was invoked.
*** This is disallowed by the MPI standard.
*** Your MPI job will now abort.
[c0468:305844] Local abort before MPI_INIT completed completed successfully, but am not able to aggregate error messages, and not able to guarantee that all other processes were killed!
*** The MPI_Comm_rank() function was called before MPI_INIT was invoked.
*** This is disallowed by the MPI standard.
*** Your MPI job will now abort.
[c0467:298228] Local abort before MPI_INIT completed completed successfully, but am not able to aggregate error messages, and not able to guarantee that all other processes were killed!
*** The MPI_Comm_rank() function was called before MPI_INIT was invoked.
*** This is disallowed by the MPI standard.
*** Your MPI job will now abort.
[c0468:305845] Local abort before MPI_INIT completed completed successfully, but am not able to aggregate error messages, and not able to guarantee that all other processes were killed!
*** The MPI_Comm_rank() function was called before MPI_INIT was invoked.
*** This is disallowed by the MPI standard.
*** Your MPI job will now abort.
[c0467:298229] Local abort before MPI_INIT completed completed successfully, but am not able to aggregate error messages, and not able to guarantee that all other processes were killed!
*** The MPI_Comm_rank() function was called before MPI_INIT was invoked.
*** This is disallowed by the MPI standard.
*** Your MPI job will now abort.
[c0468:305846] Local abort before MPI_INIT completed completed successfully, but am not able to aggregate error messages, and not able to guarantee that all other processes were killed!
*** The MPI_Comm_rank() function was called before MPI_INIT was invoked.
*** This is disallowed by the MPI standard.
*** Your MPI job will now abort.
[c0467:298230] Local abort before MPI_INIT completed completed successfully, but am not able to aggregate error messages, and not able to guarantee that all other processes were killed!
*** The MPI_Comm_rank() function was called before MPI_INIT was invoked.
*** This is disallowed by the MPI standard.
*** Your MPI job will now abort.
[c0468:305847] Local abort before MPI_INIT completed completed successfully, but am not able to aggregate error messages, and not able to guarantee that all other processes were killed!
*** The MPI_Comm_rank() function was called before MPI_INIT was invoked.
*** This is disallowed by the MPI standard.
*** Your MPI job will now abort.
[c0467:298231] Local abort before MPI_INIT completed completed successfully, but am not able to aggregate error messages, and not able to guarantee that all other processes were killed!
*** The MPI_Comm_rank() function was called before MPI_INIT was invoked.
*** This is disallowed by the MPI standard.
*** Your MPI job will now abort.
[c0468:305848] Local abort before MPI_INIT completed completed successfully, but am not able to aggregate error messages, and not able to guarantee that all other processes were killed!
*** The MPI_Comm_rank() function was called before MPI_INIT was invoked.
*** This is disallowed by the MPI standard.
*** Your MPI job will now abort.
[c0467:298232] Local abort before MPI_INIT completed completed successfully, but am not able to aggregate error messages, and not able to guarantee that all other processes were killed!
*** The MPI_Comm_rank() function was called before MPI_INIT was invoked.
*** This is disallowed by the MPI standard.
*** Your MPI job will now abort.
[c0468:305849] Local abort before MPI_INIT completed completed successfully, but am not able to aggregate error messages, and not able to guarantee that all other processes were killed!
*** The MPI_Comm_rank() function was called before MPI_INIT was invoked.
*** This is disallowed by the MPI standard.
*** Your MPI job will now abort.
[c0467:298233] Local abort before MPI_INIT completed completed successfully, but am not able to aggregate error messages, and not able to guarantee that all other processes were killed!
*** The MPI_Comm_rank() function was called before MPI_INIT was invoked.
*** This is disallowed by the MPI standard.
*** Your MPI job will now abort.
*** The MPI_Comm_rank() function was called before MPI_INIT was invoked.
*** This is disallowed by the MPI standard.
*** Your MPI job will now abort.
[c0468:305850] Local abort before MPI_INIT completed completed successfully, but am not able to aggregate error messages, and not able to guarantee that all other processes were killed!
[c0467:298234] Local abort before MPI_INIT completed completed successfully, but am not able to aggregate error messages, and not able to guarantee that all other processes were killed!
*** The MPI_Comm_rank() function was called before MPI_INIT was invoked.
*** This is disallowed by the MPI standard.
*** Your MPI job will now abort.
[c0468:305851] Local abort before MPI_INIT completed completed successfully, but am not able to aggregate error messages, and not able to guarantee that all other processes were killed!
--------------------------------------------------------------------------
mpirun detected that one or more processes exited with non-zero status, thus causing
the job to be terminated. The first process to do so was:

  Process name: [[54509,1],16]
  Exit code:    1
--------------------------------------------------------------------------
